<?xml version="1.0" encoding="UTF-8"?>
<!-- Generated by org.testng.reporters.JUnitXMLReporter -->
<testsuite ignored="2" hostname="DESKTOP-QL5DTGM" failures="0" tests="2" name="Test" time="42.513" errors="0" timestamp="2025-03-13T10:17:06 IST">
  <testcase classname="com.joom.automation.baseutility.BaseClassForAdmin" name="@BeforeClass configBC" time="28.439">
    <failure type="org.openqa.selenium.WebDriverException" message="unknown error: net::ERR_CONNECTION_REFUSED
  (Session info: chrome=134.0.6998.89)
Build info: version: &amp;apos;4.28.1&amp;apos;, revision: &amp;apos;73f5ad48a2&amp;apos;
System info: os.name: &amp;apos;Windows 10&amp;apos;, os.arch: &amp;apos;amd64&amp;apos;, os.version: &amp;apos;10.0&amp;apos;, java.version: &amp;apos;23.0.1&amp;apos;
Driver info: org.openqa.selenium.chrome.ChromeDriver
Command: [b2692f8536d8e567a8225e81994ea864, get {url=http://49.249.28.218:8081/AppServer/Online_Shopping_Application/}]
Capabilities {acceptInsecureCerts: false, browserName: chrome, browserVersion: 134.0.6998.89, chrome: {chromedriverVersion: 134.0.6998.88 (7e3d5c978c6d..., userDataDir: C:\Users\HP\AppData\Local\T...}, fedcm:accounts: true, goog:chromeOptions: {debuggerAddress: localhost:53850}, networkConnectionEnabled: false, pageLoadStrategy: normal, platformName: windows, proxy: Proxy(), se:cdp: ws://localhost:53850/devtoo..., se:cdpVersion: 134.0.6998.89, setWindowRect: true, strictFileInteractability: false, timeouts: {implicit: 0, pageLoad: 300000, script: 30000}, unhandledPromptBehavior: dismiss and notify, webauthn:extension:credBlob: true, webauthn:extension:largeBlob: true, webauthn:extension:minPinLength: true, webauthn:extension:prf: true, webauthn:virtualAuthenticators: true}
Session ID: b2692f8536d8e567a8225e81994ea864">
      <![CDATA[org.openqa.selenium.WebDriverException: unknown error: net::ERR_CONNECTION_REFUSED
  (Session info: chrome=134.0.6998.89)
Build info: version: '4.28.1', revision: '73f5ad48a2'
System info: os.name: 'Windows 10', os.arch: 'amd64', os.version: '10.0', java.version: '23.0.1'
Driver info: org.openqa.selenium.chrome.ChromeDriver
Command: [b2692f8536d8e567a8225e81994ea864, get {url=http://49.249.28.218:8081/AppServer/Online_Shopping_Application/}]
Capabilities {acceptInsecureCerts: false, browserName: chrome, browserVersion: 134.0.6998.89, chrome: {chromedriverVersion: 134.0.6998.88 (7e3d5c978c6d..., userDataDir: C:\Users\HP\AppData\Local\T...}, fedcm:accounts: true, goog:chromeOptions: {debuggerAddress: localhost:53850}, networkConnectionEnabled: false, pageLoadStrategy: normal, platformName: windows, proxy: Proxy(), se:cdp: ws://localhost:53850/devtoo..., se:cdpVersion: 134.0.6998.89, setWindowRect: true, strictFileInteractability: false, timeouts: {implicit: 0, pageLoad: 300000, script: 30000}, unhandledPromptBehavior: dismiss and notify, webauthn:extension:credBlob: true, webauthn:extension:largeBlob: true, webauthn:extension:minPinLength: true, webauthn:extension:prf: true, webauthn:virtualAuthenticators: true}
Session ID: b2692f8536d8e567a8225e81994ea864
at org.openqa.selenium.remote.ErrorCodec.decode(ErrorCodec.java:167)
at org.openqa.selenium.remote.codec.w3c.W3CHttpResponseCodec.decode(W3CHttpResponseCodec.java:138)
at org.openqa.selenium.remote.codec.w3c.W3CHttpResponseCodec.decode(W3CHttpResponseCodec.java:50)
at org.openqa.selenium.remote.HttpCommandExecutor.execute(HttpCommandExecutor.java:215)
at org.openqa.selenium.remote.service.DriverCommandExecutor.invokeExecute(DriverCommandExecutor.java:216)
at org.openqa.selenium.remote.service.DriverCommandExecutor.execute(DriverCommandExecutor.java:174)
at org.openqa.selenium.remote.RemoteWebDriver.execute(RemoteWebDriver.java:545)
at org.openqa.selenium.remote.RemoteWebDriver.get(RemoteWebDriver.java:313)
at com.joom.automation.baseutility.BaseClassForAdmin.configBC(BaseClassForAdmin.java:70)
at java.base/java.util.ArrayList.forEach(ArrayList.java:1597)
... Removed 26 stack frames]]>
    </failure>
  </testcase> <!-- @BeforeClass configBC -->
  <testcase classname="com.joom.automation.baseutility.BaseClassForAdmin" name="@BeforeMethod configBM" time="0.0">
    <skipped/>
  </testcase> <!-- @BeforeMethod configBM -->
  <testcase classname="com.joom.automation.baseutility.BaseClassForAdmin" name="@AfterMethod configAM" time="0.0">
    <skipped/>
  </testcase> <!-- @AfterMethod configAM -->
  <testcase classname="com.joom.automation.baseutility.BaseClassForAdmin" name="@AfterClass configAC" time="0.0">
    <skipped/>
  </testcase> <!-- @AfterClass configAC -->
  <testcase classname="com.joom.automation.baseutility.BaseClassForAdmin" name="@BeforeClass configBC" time="13.701">
    <failure type="org.openqa.selenium.WebDriverException" message="unknown error: net::ERR_CONNECTION_REFUSED
  (Session info: chrome=134.0.6998.89)
Build info: version: &amp;apos;4.28.1&amp;apos;, revision: &amp;apos;73f5ad48a2&amp;apos;
System info: os.name: &amp;apos;Windows 10&amp;apos;, os.arch: &amp;apos;amd64&amp;apos;, os.version: &amp;apos;10.0&amp;apos;, java.version: &amp;apos;23.0.1&amp;apos;
Driver info: org.openqa.selenium.chrome.ChromeDriver
Command: [9a3e2e43fea04ceb6038c0b3626dc6b6, get {url=http://49.249.28.218:8081/AppServer/Online_Shopping_Application/}]
Capabilities {acceptInsecureCerts: false, browserName: chrome, browserVersion: 134.0.6998.89, chrome: {chromedriverVersion: 134.0.6998.88 (7e3d5c978c6d..., userDataDir: C:\Users\HP\AppData\Local\T...}, fedcm:accounts: true, goog:chromeOptions: {debuggerAddress: localhost:53874}, networkConnectionEnabled: false, pageLoadStrategy: normal, platformName: windows, proxy: Proxy(), se:cdp: ws://localhost:53874/devtoo..., se:cdpVersion: 134.0.6998.89, setWindowRect: true, strictFileInteractability: false, timeouts: {implicit: 0, pageLoad: 300000, script: 30000}, unhandledPromptBehavior: dismiss and notify, webauthn:extension:credBlob: true, webauthn:extension:largeBlob: true, webauthn:extension:minPinLength: true, webauthn:extension:prf: true, webauthn:virtualAuthenticators: true}
Session ID: 9a3e2e43fea04ceb6038c0b3626dc6b6">
      <![CDATA[org.openqa.selenium.WebDriverException: unknown error: net::ERR_CONNECTION_REFUSED
  (Session info: chrome=134.0.6998.89)
Build info: version: '4.28.1', revision: '73f5ad48a2'
System info: os.name: 'Windows 10', os.arch: 'amd64', os.version: '10.0', java.version: '23.0.1'
Driver info: org.openqa.selenium.chrome.ChromeDriver
Command: [9a3e2e43fea04ceb6038c0b3626dc6b6, get {url=http://49.249.28.218:8081/AppServer/Online_Shopping_Application/}]
Capabilities {acceptInsecureCerts: false, browserName: chrome, browserVersion: 134.0.6998.89, chrome: {chromedriverVersion: 134.0.6998.88 (7e3d5c978c6d..., userDataDir: C:\Users\HP\AppData\Local\T...}, fedcm:accounts: true, goog:chromeOptions: {debuggerAddress: localhost:53874}, networkConnectionEnabled: false, pageLoadStrategy: normal, platformName: windows, proxy: Proxy(), se:cdp: ws://localhost:53874/devtoo..., se:cdpVersion: 134.0.6998.89, setWindowRect: true, strictFileInteractability: false, timeouts: {implicit: 0, pageLoad: 300000, script: 30000}, unhandledPromptBehavior: dismiss and notify, webauthn:extension:credBlob: true, webauthn:extension:largeBlob: true, webauthn:extension:minPinLength: true, webauthn:extension:prf: true, webauthn:virtualAuthenticators: true}
Session ID: 9a3e2e43fea04ceb6038c0b3626dc6b6
at org.openqa.selenium.remote.ErrorCodec.decode(ErrorCodec.java:167)
at org.openqa.selenium.remote.codec.w3c.W3CHttpResponseCodec.decode(W3CHttpResponseCodec.java:138)
at org.openqa.selenium.remote.codec.w3c.W3CHttpResponseCodec.decode(W3CHttpResponseCodec.java:50)
at org.openqa.selenium.remote.HttpCommandExecutor.execute(HttpCommandExecutor.java:215)
at org.openqa.selenium.remote.service.DriverCommandExecutor.invokeExecute(DriverCommandExecutor.java:216)
at org.openqa.selenium.remote.service.DriverCommandExecutor.execute(DriverCommandExecutor.java:174)
at org.openqa.selenium.remote.RemoteWebDriver.execute(RemoteWebDriver.java:545)
at org.openqa.selenium.remote.RemoteWebDriver.get(RemoteWebDriver.java:313)
at com.joom.automation.baseutility.BaseClassForAdmin.configBC(BaseClassForAdmin.java:70)
at java.base/java.util.ArrayList.forEach(ArrayList.java:1597)
... Removed 26 stack frames]]>
    </failure>
  </testcase> <!-- @BeforeClass configBC -->
  <testcase classname="com.joom.automation.baseutility.BaseClassForAdmin" name="@BeforeMethod configBM" time="0.0">
    <skipped/>
  </testcase> <!-- @BeforeMethod configBM -->
  <testcase classname="com.joom.automation.baseutility.BaseClassForAdmin" name="@AfterMethod configAM" time="0.0">
    <skipped/>
  </testcase> <!-- @AfterMethod configAM -->
  <testcase classname="com.joom.automation.baseutility.BaseClassForAdmin" name="@AfterClass configAC" time="0.0">
    <skipped/>
  </testcase> <!-- @AfterClass configAC -->
  <testcase classname="com.joom.automation.IntegrationTestCases.InsertProductTest" name="insertProduct" time="0.001">
    <skipped/>
  </testcase> <!-- insertProduct -->
  <testcase classname="com.joom.automation.IntegrationTestCases.CreateSubCategoryTest" name="insertSubcategory" time="0.001">
    <skipped/>
  </testcase> <!-- insertSubcategory -->
  <testcase classname="com.joom.automation.baseutility.BaseClassForAdmin" name="@AfterSuite configAS" time="0.0">
    <ignored/>
  </testcase> <!-- @AfterSuite configAS -->
  <testcase classname="com.joom.automation.baseutility.BaseClassForAdmin" name="@BeforeSuite configBS" time="0.0">
    <ignored/>
  </testcase> <!-- @BeforeSuite configBS -->
</testsuite> <!-- Test -->
