<?xml version="1.0" encoding="UTF-8"?>
<testng-results ignored="0" total="1" passed="1" failed="0" skipped="0">
  <reporter-output>
  </reporter-output>
  <suite started-at="2025-03-10T15:26:23 IST" name="Default suite" finished-at="2025-03-10T15:26:56 IST" duration-ms="33046">
    <groups>
    </groups>
    <test started-at="2025-03-10T15:26:23 IST" name="Default test" finished-at="2025-03-10T15:26:56 IST" duration-ms="33046">
      <class name="com.joom.automation.package1.ShoppingCart">
        <test-method signature="addProductToCart()[pri:0, instance:com.joom.automation.package1.ShoppingCart@6989da5e]" started-at="2025-03-10T15:26:23 IST" name="addProductToCart" finished-at="2025-03-10T15:26:56 IST" duration-ms="32952" status="PASS">
          <reporter-output>
          </reporter-output>
        </test-method> <!-- addProductToCart -->
      </class> <!-- com.joom.automation.package1.ShoppingCart -->
    </test> <!-- Default test -->
  </suite> <!-- Default suite -->
</testng-results>
