<?xml version="1.0" encoding="UTF-8"?>
<testng-results ignored="0" total="1" passed="1" failed="0" skipped="0">
  <reporter-output>
    <line>
      <![CDATA[=== Connecting to Database and Configuring Reports ===]]>
    </line>
    <line>

          <reporter-output>
            <line>
              <![CDATA[=== Connecting to Database and Configuring Reports ===]]>
            </line>
          </reporter-output>

    </test> <!-- Default test -->
  </suite> <!-- Default suite -->
</testng-results>
